-47.6847
741.5257
-15600.5693
0.0087
ERROR
-10240.5638
-517.8531
-157041491.0378
ERROR
624.4735
-14478.2168
122.0129
-4056.6469
-44870.2671
-446219.3007
-12304.6814
-230661.3073
9.8549
-21846.9170
-318429.3851
0.0200
-437.7820
-253.4620
-5593706.6394
5677288.6857
0.0001
0.4148
-13296.1299
8.7588
2204.3259
-0.7177
-391.9754
620.0853
ERROR
5.1614
-68.1963
168705344.0986
-48.9869
53639.0980
86.4157
609.6178
-1212.3563
-0.0715
-1948.2526
-35968.0701
0.1722
-0.0000
-3384625.4565
-19353.5410
-9436294.0876
2681.8532
ERROR
159891106.7395
893.8344
-1551.1414
26.2787
894663899.8125
0.9047
0.0705
3973.4517
35150.8127
2259.0536
-124.4715
199787.4384
-43079.1916
3918.2251
ERROR
-90.9790
-426.0236
6098.5989
25.7812
-8342.9191
0.0002
-2106065.6707
258.0629
110585.5796
15.1408
-1464744.6300
0.0224
-54.0858
-22.4787
-202502.8532
-414.0026
0.0000
-0.6361
-57.0043
-1341.0092
28775683.9812
ERROR
1657.4140
12957.7274
12490.9479
-0.0040
ERROR
39527536390.3202
-17.1154
2.6535
473492.0308
ERROR
20051.6493
-117626938.5012
0.0001
-5.9170
9.0562
-1.9168
0.5355
-1.3651
-384017035.0689
1631.8624
-221990381.5988
-1244.2172
-5856.0352
-7144.4892
345.8882
228291.4796
26678.4725
ERROR
-57.9731
10.8469
-21939.9169
2008.6759
799.8607
66806.3292
-26.1414
-4.7737
228.1036
8359.4042
0.0816
-14.4448
-25630229604.1186
-0.1563
-35.3866
-2.2811
-2260.4058
0.7340
134.6385
2960080.3464
-0.0002
107.0217
-2749.9144
-62072921.4371
-125738.2308
104232.0404
11098.7898
-2.7312
78289.1046
-0.0000
40.3284
159246.2498
4733.8762
-64.6144
ERROR
-161653875335.5805
2635.8040
39.9961
-11722.6317
1.9795
798076.8631
5822.4704
-0.0157
ERROR
-0.2143
35072.9729
177841.9075
-17130326.1068
444066.6478
-9524.2863
152043.4159
53.8958
-2532.1300
ERROR
-134.8761
-58651.5673
21723927.4679
-2.4518
-287.3977
-10.1498
29.1594
-1211.6614
-9361.3490
-22964.3421
0.0000
-202.1349
1143.7268
-33.8751
0.0014
7233449.5019
-3781.9316
-0.0272
-38.1728
706.2487
-1827.7500
-5844921.9183
-345.4618
-440.8115
-128.0662
10218.5872
ERROR
-0.0650
-1.4547
-341691.1972
41460.0450
-553.4535
5279701.7157
7580912.4413
-1517.1342
-1807.3037
0.0843
ERROR
-1476.6040
328.8394
-98631.6629
77.3894
589.7501
-75.3265
1.8100
15371944877.3350
10.0550
-2066.7316
10.7771
2309993.2477
55.7287
557.8621
21189894.5615
1375.4504
0.0000
-1299.3793
56.6760
1720.1202
-0.0002
-246905.8591
819021.6567
1066.6641
164.1985
-20169030.4114
-1671.5892
8497132.7172
-246166932092.5250
-1126.0676
-89447.3863
215.7162
6089437.4012
107.1788
95.6288
-3.6343
507322.7975
37586.8419
-1862.6681
-47125629.5674
-70.6357
0.1021
-0.0003
2413320.8887
-577.6606
45.8136
1.3171
-352.1107
4392.0991
32202.8346
270172.1214
-7241.7585
-1486391.4827
0.0044
1182.9679
0.2124
0.1790
0.0305
14205.0520
35587.6464
39.3750
-19247407442.0584
-442.5145
-346.1606
167.3145
17590.3051
-71536580980.6334
-0.0270
19242.9762
9460.8225
1310.2300
-14272.4156
74552.6749
ERROR
ERROR
-0.1106
-11.2593
-0.0588
-1.0410
141235576.4098
509243.4996
-1162.7888
-177.3946
-23185.0073
-0.0031
-17.7475
75715.0827
-656.6029
3.1099
-7104112.9849
-108797.4953
-294.5575
-12104.9646
-20.1420
1096603.7458
4.1449
41382723671.3005
25932.7893
1991.9097
1591905.8870
1870834264.8242
125066.7663
-1.1888
5348.6032
11.5223
2350.7025
-897.9183
-25741498.0363
1316.3009
-15.3368
280787978.5314
-5.0372
-51.1871
-69909.4137
-5.5378
1550.8192
-0.1464
1367.2911
-896.4414
37.6349
31.4990
946.7689
-206.1088
ERROR
58.7993
-53233571.6853
200.7137
22.1245
2856.8341
-22.6695
-7595.2254
-10741.7570
38.0800
-26411.3655
-2134246125990.5276
-1715.4258
11.7189
3.1628
-0.0001
-576.2128
-9156.2840
-88.0678
482.1678
-699752.9127
-337.6163
42.2729
-7.3519
ERROR
1612782.1127
3.0449
85736.9274
-16182341.7005
115370746.7639
-0.0141
-29.0318
-0.0002
31649.1531
-71.5747
-20981.6410
662701.5649
-37.4593
694.7583
98.2667
-77.7969
-0.0330
ERROR
45.0699
-119849.9282
-781.8110
0.0000
-41085.0393
55.0956
-1459.1728
11691.4816
-15688.3066
11517411.6071
-0.2452
-63473724.5604
ERROR
73.4253
4827210.1455
-1635999480.0153
0.1084
-16.9477
-146961.9411
545.3428
2259.9867
-48355.1788
-145.1203
-1087.6476
4.8225
-540976.7350
191.8071
-3343.9546
1089429141.6454
-3.2689
48.6153
-50.6306
-31.1824
-1465.1730
26.7826
14195.0125
-40627.2408
-151.4532
358.8774
-0.0002
-258.7421
ERROR
12.7945
5.2495
ERROR
164419.3499
145.8644
84.3919
-4143.3002
-1281.8044
-0.8943
-814370327.8075
903.1409
-1957.6177
-1156663.0018
157351.3135
ERROR
123296857.7863
167593.7656
10416312.2986
487.8163
207.6513
-410.1994
2667043.2982
16.9073
0.1393
0.0393
-238713.6737
-504627423.6467
-397908.8484
872.6130
-328.4948
-4.0965
661.5972
3100.5600
-1334589.2964
-123.6530
-1849751.0348
0.0147
67.8755
9823627686.3727
-109809714.3714
404439105.6062
-117117.5337
0.0052
8593.5350
-42.1943
211.9813
104304.7466
39534.9027
6031898.3831
-0.1609
-56.6309
-0.0095
21350.6660
1.1634
-858.9476
2.7872
-3328.3074
0.0026
353314233.1127
-0.0039
-19320.0263
21.0309
368.6351
-58.8835
1973.6336
1383.9066
-9806.3679
-418.2674
27.3145
176.9256
24.2804
-7.0000
-5269244.8957
ERROR
-102.9863
-13274.1449
1.9043
-44.3596
ERROR
51.4629
2559699989.4460
-0.0002
16.6774
-2.9850
-0.1078
-192.8258
-496835.5478
-10619.5681
70.9670
-2638.9658
-0.0010
-173.9015
-842074496.5791
0.1926
52.0049
-0.3963
2755.0790
0.0000
-3253.9141
87.2198
-634.2614
0.5134
-752502.2056
0.4675
42522.0272
4545401.6565
33.3700
-1806305868.4889
-0.0663
0.7123
-7134438584.9044
-0.8783
ERROR
-9.6664
215.3653
-382.0583
-1144.7370
457.9165
0.5300
-0.0000
-55566920779163.1094
943700.8388
63738.5766
